TN:
SF:src\components\CreditCard.tsx
FN:12,CreditCard
FNF:1
FNH:0
FNDA:0,CreditCard
DA:13,0
DA:31,1
LF:2
LH:1
BRF:0
BRH:0
end_of_record
TN:
SF:src\components\CurrenciesCard.tsx
FN:7,CurrenciesCard
FNF:1
FNH:0
FNDA:0,CurrenciesCard
DA:8,0
DA:55,1
LF:2
LH:1
BRF:0
BRH:0
end_of_record
TN:
SF:src\components\CurrentLoansCard.tsx
FN:6,CurrentLoansCard
FNF:1
FNH:0
FNDA:0,CurrentLoansCard
DA:7,0
DA:32,1
LF:2
LH:1
BRF:0
BRH:0
end_of_record
TN:
SF:src\components\FinanceCard.tsx
FN:11,FinanceCard
FNF:1
FNH:0
FNDA:0,FinanceCard
DA:12,0
DA:21,1
LF:2
LH:1
BRF:0
BRH:0
end_of_record
TN:
SF:src\components\MetalsCard.tsx
FN:6,MetalsCard
FNF:1
FNH:1
FNDA:2,MetalsCard
DA:7,2
DA:54,1
LF:2
LH:2
BRF:0
BRH:0
end_of_record
TN:
SF:src\components\investmentCard.tsx
FN:6,InvestmentCard
FNF:1
FNH:0
FNDA:0,InvestmentCard
DA:7,0
DA:32,1
LF:2
LH:1
BRF:0
BRH:0
end_of_record
TN:
SF:src\constants\data.tsx
FNF:0
FNH:0
DA:6,1
DA:27,1
LF:2
LH:2
BRF:0
BRH:0
end_of_record
TN:
SF:src\screens\Home.tsx
FN:27,Home
FN:30,renderHeaderSection
FN:73,(anonymous_2)
FN:74,(anonymous_3)
FN:99,(anonymous_4)
FN:100,(anonymous_5)
FN:133,(anonymous_6)
FNF:7
FNH:0
FNDA:0,Home
FNDA:0,renderHeaderSection
FNDA:0,(anonymous_2)
FNDA:0,(anonymous_3)
FNDA:0,(anonymous_4)
FNDA:0,(anonymous_5)
FNDA:0,(anonymous_6)
DA:28,0
DA:31,0
DA:56,0
DA:73,0
DA:75,0
DA:99,0
DA:101,0
DA:133,0
DA:155,0
LF:9
LH:0
BRDA:78,0,0,0
BRDA:78,0,1,0
BRDA:79,1,0,0
BRDA:79,1,1,0
BRDA:104,2,0,0
BRDA:104,2,1,0
BRDA:105,3,0,0
BRDA:105,3,1,0
BRDA:143,4,0,0
BRDA:143,4,1,0
BRDA:160,5,0,0
BRDA:160,5,1,0
BRF:12
BRH:0
end_of_record
TN:
SF:src\screens\Welcome.tsx
FN:14,Welcome
FNF:1
FNH:0
FNDA:0,Welcome
DA:15,0
DA:38,0
LF:2
LH:0
BRDA:42,0,0,0
BRDA:42,0,1,0
BRF:2
BRH:0
end_of_record
